0 info it worked if it ends with ok
1 verbose cli [ '/usr/bin/node', '/usr/bin/npm', 'install', 'autoprefixer.js' ]
2 info using npm@1.4.28
3 info using node@v0.10.37
4 verbose node symlink /usr/bin/node
5 warn package.json my-project-name@0.1.0 No repository field.
6 verbose readDependencies using package.json deps
7 verbose cache add [ 'autoprefixer.js', null ]
8 verbose cache add name=undefined spec="autoprefixer.js" args=["autoprefixer.js",null]
9 verbose parsed url { protocol: null,
9 verbose parsed url   slashes: null,
9 verbose parsed url   auth: null,
9 verbose parsed url   host: null,
9 verbose parsed url   port: null,
9 verbose parsed url   hostname: null,
9 verbose parsed url   hash: null,
9 verbose parsed url   search: null,
9 verbose parsed url   query: null,
9 verbose parsed url   pathname: 'autoprefixer.js',
9 verbose parsed url   path: 'autoprefixer.js',
9 verbose parsed url   href: 'autoprefixer.js' }
10 silly lockFile 50310def-autoprefixer-js autoprefixer.js
11 verbose lock autoprefixer.js /home/annika/.npm/50310def-autoprefixer-js.lock
12 silly lockFile 50310def-autoprefixer-js autoprefixer.js
13 silly lockFile 50310def-autoprefixer-js autoprefixer.js
14 verbose addNamed [ 'autoprefixer.js', '' ]
15 verbose addNamed [ null, '*' ]
16 silly lockFile 13219c34-autoprefixer-js autoprefixer.js@
17 verbose lock autoprefixer.js@ /home/annika/.npm/13219c34-autoprefixer-js.lock
18 silly addNameRange { name: 'autoprefixer.js', range: '*', hasData: false }
19 verbose request where is /autoprefixer.js
20 verbose request registry https://registry.npmjs.org/
21 verbose request id 089fbe8f34d6f6fb
22 verbose url raw /autoprefixer.js
23 verbose url resolving [ 'https://registry.npmjs.org/', './autoprefixer.js' ]
24 verbose url resolved https://registry.npmjs.org/autoprefixer.js
25 verbose request where is https://registry.npmjs.org/autoprefixer.js
26 info trying registry request attempt 1 at 15:59:03
27 http GET https://registry.npmjs.org/autoprefixer.js
28 http 404 https://registry.npmjs.org/autoprefixer.js
29 silly registry.get cb [ 404,
29 silly registry.get   { 'content-type': 'application/json',
29 silly registry.get     'cache-control': 'max-age=0',
29 silly registry.get     'content-length': '2',
29 silly registry.get     'accept-ranges': 'bytes',
29 silly registry.get     date: 'Sat, 29 Aug 2015 13:59:04 GMT',
29 silly registry.get     via: '1.1 varnish',
29 silly registry.get     age: '0',
29 silly registry.get     connection: 'keep-alive',
29 silly registry.get     'x-served-by': 'cache-fra1241-FRA',
29 silly registry.get     'x-cache': 'MISS',
29 silly registry.get     'x-cache-hits': '0',
29 silly registry.get     'x-timer': 'S1440856743.739324,VS0,VE432' } ]
30 silly lockFile 13219c34-autoprefixer-js autoprefixer.js@
31 silly lockFile 13219c34-autoprefixer-js autoprefixer.js@
32 error 404 Not Found
32 error 404
32 error 404 'autoprefixer.js' is not in the npm registry.
32 error 404 You should bug the author to publish it
32 error 404 It was specified as a dependency of 'my-project-name'
32 error 404
32 error 404 Maybe try 'npm search autoprefixer'
32 error 404
32 error 404 Note that you can also install from a
32 error 404 tarball, folder, or http url, or git url.
33 error System Linux 3.13.0-62-generic
34 error command "/usr/bin/node" "/usr/bin/npm" "install" "autoprefixer.js"
35 error cwd /home/annika/Documents/Master/IPP_slides/reveal.js
36 error node -v v0.10.37
37 error npm -v 1.4.28
38 error code E404
39 verbose exit [ 1, true ]
